{"/home/moshe/job_apps/isco_job_board/server/migrate.js": {"path":"/home/moshe/job_apps/isco_job_board/server/migrate.js","statementMap":{"0":{"start":{"line":3,"column":22},"end":{"line":43,"column":1}},"1":{"start":{"line":5,"column":13},"end":{"line":5,"column":27}},"2":{"start":{"line":9,"column":2},"end":{"line":9,"column":39}},"3":{"start":{"line":10,"column":2},"end":{"line":40,"column":5}},"4":{"start":{"line":42,"column":2},"end":{"line":42,"column":40}},"5":{"start":{"line":46,"column":0},"end":{"line":48,"column":1}},"6":{"start":{"line":47,"column":2},"end":{"line":47,"column":18}}},"fnMap":{"0":{"name":"(anonymous_0)","decl":{"start":{"line":3,"column":22},"end":{"line":3,"column":23}},"loc":{"start":{"line":3,"column":34},"end":{"line":43,"column":1}},"line":3}},"branchMap":{"0":{"loc":{"start":{"line":46,"column":0},"end":{"line":48,"column":1}},"type":"if","locations":[{"start":{"line":46,"column":0},"end":{"line":48,"column":1}},{"start":{},"end":{}}],"line":46}},"s":{"0":1,"1":1,"2":1,"3":1,"4":1,"5":1,"6":0},"f":{"0":1},"b":{"0":[0,1]},"_coverageSchema":"1a1c01bbd47fc00a2c39e90264f33305004495a9","hash":"82146b57dedc81fba39d2f114dd7bb1b5c2fc80e"}
,"/home/moshe/job_apps/isco_job_board/server/server.js": {"path":"/home/moshe/job_apps/isco_job_board/server/server.js","statementMap":{"0":{"start":{"line":13,"column":0},"end":{"line":13,"column":16}},"1":{"start":{"line":15,"column":12},"end":{"line":15,"column":21}},"2":{"start":{"line":16,"column":13},"end":{"line":16,"column":37}},"3":{"start":{"line":19,"column":0},"end":{"line":19,"column":16}},"4":{"start":{"line":20,"column":0},"end":{"line":20,"column":23}},"5":{"start":{"line":21,"column":0},"end":{"line":21,"column":27}},"6":{"start":{"line":24,"column":0},"end":{"line":26,"column":3}},"7":{"start":{"line":25,"column":2},"end":{"line":25,"column":44}},"8":{"start":{"line":29,"column":0},"end":{"line":29,"column":36}},"9":{"start":{"line":30,"column":0},"end":{"line":30,"column":35}},"10":{"start":{"line":31,"column":0},"end":{"line":31,"column":51}},"11":{"start":{"line":34,"column":0},"end":{"line":37,"column":3}},"12":{"start":{"line":35,"column":2},"end":{"line":35,"column":21}},"13":{"start":{"line":36,"column":2},"end":{"line":36,"column":50}},"14":{"start":{"line":47,"column":27},"end":{"line":54,"column":1}},"15":{"start":{"line":48,"column":13},"end":{"line":48,"column":27}},"16":{"start":{"line":49,"column":2},"end":{"line":49,"column":21}},"17":{"start":{"line":50,"column":17},"end":{"line":52,"column":3}},"18":{"start":{"line":51,"column":4},"end":{"line":51,"column":49}},"19":{"start":{"line":53,"column":2},"end":{"line":53,"column":16}}},"fnMap":{"0":{"name":"(anonymous_0)","decl":{"start":{"line":24,"column":13},"end":{"line":24,"column":14}},"loc":{"start":{"line":24,"column":27},"end":{"line":26,"column":1}},"line":24},"1":{"name":"(anonymous_1)","decl":{"start":{"line":34,"column":8},"end":{"line":34,"column":9}},"loc":{"start":{"line":34,"column":33},"end":{"line":37,"column":1}},"line":34},"2":{"name":"(anonymous_2)","decl":{"start":{"line":47,"column":27},"end":{"line":47,"column":28}},"loc":{"start":{"line":47,"column":39},"end":{"line":54,"column":1}},"line":47},"3":{"name":"(anonymous_3)","decl":{"start":{"line":50,"column":34},"end":{"line":50,"column":35}},"loc":{"start":{"line":51,"column":4},"end":{"line":51,"column":49}},"line":51}},"branchMap":{"0":{"loc":{"start":{"line":16,"column":13},"end":{"line":16,"column":37}},"type":"binary-expr","locations":[{"start":{"line":16,"column":13},"end":{"line":16,"column":29}},{"start":{"line":16,"column":33},"end":{"line":16,"column":37}}],"line":16}},"s":{"0":1,"1":1,"2":1,"3":1,"4":1,"5":1,"6":1,"7":0,"8":1,"9":1,"10":1,"11":1,"12":0,"13":0,"14":1,"15":1,"16":1,"17":1,"18":1,"19":1},"f":{"0":0,"1":0,"2":1,"3":1},"b":{"0":[1,0]},"_coverageSchema":"1a1c01bbd47fc00a2c39e90264f33305004495a9","hash":"5d802313b6d5497c293996cb2c4a4c6bf104817b"}
,"/home/moshe/job_apps/isco_job_board/server/config/db.js": {"path":"/home/moshe/job_apps/isco_job_board/server/config/db.js","statementMap":{"0":{"start":{"line":4,"column":15},"end":{"line":17,"column":1}},"1":{"start":{"line":7,"column":5},"end":{"line":9,"column":28}},"2":{"start":{"line":11,"column":13},"end":{"line":14,"column":4}},"3":{"start":{"line":16,"column":2},"end":{"line":16,"column":12}}},"fnMap":{"0":{"name":"(anonymous_0)","decl":{"start":{"line":4,"column":15},"end":{"line":4,"column":16}},"loc":{"start":{"line":4,"column":27},"end":{"line":17,"column":1}},"line":4}},"branchMap":{"0":{"loc":{"start":{"line":7,"column":5},"end":{"line":9,"column":28}},"type":"cond-expr","locations":[{"start":{"line":8,"column":9},"end":{"line":8,"column":33}},{"start":{"line":9,"column":9},"end":{"line":9,"column":28}}],"line":7}},"s":{"0":1,"1":2,"2":2,"3":2},"f":{"0":2},"b":{"0":[2,0]},"_coverageSchema":"1a1c01bbd47fc00a2c39e90264f33305004495a9","hash":"057e3f15536289c2b34d4e27ff56e247d49ca97b"}
,"/home/moshe/job_apps/isco_job_board/server/controllers/applicationController.js": {"path":"/home/moshe/job_apps/isco_job_board/server/controllers/applicationController.js","statementMap":{"0":{"start":{"line":3,"column":27},"end":{"line":33,"column":1}},"1":{"start":{"line":4,"column":2},"end":{"line":32,"column":3}},"2":{"start":{"line":6,"column":22},"end":{"line":6,"column":58}},"3":{"start":{"line":7,"column":4},"end":{"line":9,"column":5}},"4":{"start":{"line":8,"column":6},"end":{"line":8,"column":71}},"5":{"start":{"line":11,"column":15},"end":{"line":11,"column":32}},"6":{"start":{"line":12,"column":46},"end":{"line":12,"column":54}},"7":{"start":{"line":13,"column":20},"end":{"line":13,"column":31}},"8":{"start":{"line":16,"column":16},"end":{"line":16,"column":74}},"9":{"start":{"line":17,"column":4},"end":{"line":19,"column":5}},"10":{"start":{"line":18,"column":6},"end":{"line":18,"column":62}},"11":{"start":{"line":22,"column":4},"end":{"line":26,"column":6}},"12":{"start":{"line":28,"column":4},"end":{"line":28,"column":76}},"13":{"start":{"line":30,"column":4},"end":{"line":30,"column":56}},"14":{"start":{"line":31,"column":4},"end":{"line":31,"column":61}},"15":{"start":{"line":35,"column":38},"end":{"line":46,"column":1}},"16":{"start":{"line":36,"column":13},"end":{"line":36,"column":30}},"17":{"start":{"line":37,"column":15},"end":{"line":43,"column":3}},"18":{"start":{"line":45,"column":2},"end":{"line":45,"column":17}}},"fnMap":{"0":{"name":"(anonymous_0)","decl":{"start":{"line":3,"column":27},"end":{"line":3,"column":28}},"loc":{"start":{"line":3,"column":47},"end":{"line":33,"column":1}},"line":3},"1":{"name":"(anonymous_1)","decl":{"start":{"line":35,"column":38},"end":{"line":35,"column":39}},"loc":{"start":{"line":35,"column":58},"end":{"line":46,"column":1}},"line":35}},"branchMap":{"0":{"loc":{"start":{"line":7,"column":4},"end":{"line":9,"column":5}},"type":"if","locations":[{"start":{"line":7,"column":4},"end":{"line":9,"column":5}},{"start":{},"end":{}}],"line":7},"1":{"loc":{"start":{"line":17,"column":4},"end":{"line":19,"column":5}},"type":"if","locations":[{"start":{"line":17,"column":4},"end":{"line":19,"column":5}},{"start":{},"end":{}}],"line":17}},"s":{"0":1,"1":0,"2":0,"3":0,"4":0,"5":0,"6":0,"7":0,"8":0,"9":0,"10":0,"11":0,"12":0,"13":0,"14":0,"15":1,"16":0,"17":0,"18":0},"f":{"0":0,"1":0},"b":{"0":[0,0],"1":[0,0]},"_coverageSchema":"1a1c01bbd47fc00a2c39e90264f33305004495a9","hash":"67cc07ca39fd3d74163294f9926d4cf5b578fbf9"}
,"/home/moshe/job_apps/isco_job_board/server/controllers/authController.js": {"path":"/home/moshe/job_apps/isco_job_board/server/controllers/authController.js","statementMap":{"0":{"start":{"line":4,"column":24},"end":{"line":64,"column":1}},"1":{"start":{"line":5,"column":13},"end":{"line":5,"column":30}},"2":{"start":{"line":13,"column":6},"end":{"line":13,"column":14}},"3":{"start":{"line":16,"column":4},"end":{"line":16,"column":78}},"4":{"start":{"line":18,"column":2},"end":{"line":23,"column":3}},"5":{"start":{"line":19,"column":4},"end":{"line":22,"column":7}},"6":{"start":{"line":25,"column":2},"end":{"line":63,"column":3}},"7":{"start":{"line":26,"column":19},"end":{"line":26,"column":50}},"8":{"start":{"line":29,"column":19},"end":{"line":32,"column":5}},"9":{"start":{"line":34,"column":25},"end":{"line":36,"column":6}},"10":{"start":{"line":39,"column":24},"end":{"line":47,"column":5}},"11":{"start":{"line":49,"column":25},"end":{"line":53,"column":5}},"12":{"start":{"line":56,"column":4},"end":{"line":60,"column":7}},"13":{"start":{"line":62,"column":4},"end":{"line":62,"column":60}},"14":{"start":{"line":67,"column":21},"end":{"line":107,"column":1}},"15":{"start":{"line":68,"column":13},"end":{"line":68,"column":30}},"16":{"start":{"line":69,"column":30},"end":{"line":69,"column":38}},"17":{"start":{"line":71,"column":2},"end":{"line":106,"column":3}},"18":{"start":{"line":72,"column":17},"end":{"line":72,"column":77}},"19":{"start":{"line":74,"column":4},"end":{"line":76,"column":5}},"20":{"start":{"line":75,"column":6},"end":{"line":75,"column":68}},"21":{"start":{"line":78,"column":26},"end":{"line":78,"column":71}},"22":{"start":{"line":79,"column":4},"end":{"line":81,"column":5}},"23":{"start":{"line":80,"column":6},"end":{"line":80,"column":68}},"24":{"start":{"line":85,"column":24},"end":{"line":89,"column":5}},"25":{"start":{"line":92,"column":25},"end":{"line":96,"column":5}},"26":{"start":{"line":99,"column":6},"end":{"line":103,"column":9}},"27":{"start":{"line":105,"column":4},"end":{"line":105,"column":61}}},"fnMap":{"0":{"name":"(anonymous_0)","decl":{"start":{"line":4,"column":24},"end":{"line":4,"column":25}},"loc":{"start":{"line":4,"column":44},"end":{"line":64,"column":1}},"line":4},"1":{"name":"(anonymous_1)","decl":{"start":{"line":67,"column":21},"end":{"line":67,"column":22}},"loc":{"start":{"line":67,"column":41},"end":{"line":107,"column":1}},"line":67}},"branchMap":{"0":{"loc":{"start":{"line":10,"column":4},"end":{"line":10,"column":22}},"type":"default-arg","locations":[{"start":{"line":10,"column":11},"end":{"line":10,"column":22}}],"line":10},"1":{"loc":{"start":{"line":18,"column":2},"end":{"line":23,"column":3}},"type":"if","locations":[{"start":{"line":18,"column":2},"end":{"line":23,"column":3}},{"start":{},"end":{}}],"line":18},"2":{"loc":{"start":{"line":74,"column":4},"end":{"line":76,"column":5}},"type":"if","locations":[{"start":{"line":74,"column":4},"end":{"line":76,"column":5}},{"start":{},"end":{}}],"line":74},"3":{"loc":{"start":{"line":79,"column":4},"end":{"line":81,"column":5}},"type":"if","locations":[{"start":{"line":79,"column":4},"end":{"line":81,"column":5}},{"start":{},"end":{}}],"line":79}},"s":{"0":1,"1":2,"2":2,"3":2,"4":2,"5":0,"6":2,"7":2,"8":2,"9":1,"10":1,"11":1,"12":1,"13":1,"14":1,"15":3,"16":3,"17":3,"18":3,"19":3,"20":1,"21":2,"22":2,"23":1,"24":1,"25":1,"26":1,"27":0},"f":{"0":2,"1":3},"b":{"0":[2],"1":[0,2],"2":[1,2],"3":[1,1]},"_coverageSchema":"1a1c01bbd47fc00a2c39e90264f33305004495a9","hash":"19f5970328ea516315924f5bf17df7e9e68ca056"}
,"/home/moshe/job_apps/isco_job_board/server/controllers/jobController.js": {"path":"/home/moshe/job_apps/isco_job_board/server/controllers/jobController.js","statementMap":{"0":{"start":{"line":3,"column":26},"end":{"line":7,"column":1}},"1":{"start":{"line":4,"column":13},"end":{"line":4,"column":30}},"2":{"start":{"line":5,"column":15},"end":{"line":5,"column":74}},"3":{"start":{"line":6,"column":2},"end":{"line":6,"column":17}},"4":{"start":{"line":9,"column":26},"end":{"line":14,"column":1}},"5":{"start":{"line":10,"column":13},"end":{"line":10,"column":30}},"6":{"start":{"line":11,"column":14},"end":{"line":11,"column":78}},"7":{"start":{"line":12,"column":2},"end":{"line":12,"column":68}},"8":{"start":{"line":12,"column":12},"end":{"line":12,"column":68}},"9":{"start":{"line":13,"column":2},"end":{"line":13,"column":16}},"10":{"start":{"line":16,"column":25},"end":{"line":38,"column":1}},"11":{"start":{"line":17,"column":2},"end":{"line":37,"column":3}},"12":{"start":{"line":19,"column":22},"end":{"line":19,"column":56}},"13":{"start":{"line":20,"column":4},"end":{"line":22,"column":5}},"14":{"start":{"line":21,"column":6},"end":{"line":21,"column":71}},"15":{"start":{"line":24,"column":15},"end":{"line":24,"column":32}},"16":{"start":{"line":25,"column":69},"end":{"line":25,"column":77}},"17":{"start":{"line":27,"column":4},"end":{"line":31,"column":6}},"18":{"start":{"line":33,"column":4},"end":{"line":33,"column":53}},"19":{"start":{"line":35,"column":4},"end":{"line":35,"column":46}},"20":{"start":{"line":36,"column":4},"end":{"line":36,"column":61}},"21":{"start":{"line":40,"column":25},"end":{"line":81,"column":1}},"22":{"start":{"line":41,"column":2},"end":{"line":80,"column":3}},"23":{"start":{"line":42,"column":22},"end":{"line":42,"column":56}},"24":{"start":{"line":43,"column":4},"end":{"line":45,"column":5}},"25":{"start":{"line":44,"column":6},"end":{"line":44,"column":71}},"26":{"start":{"line":47,"column":15},"end":{"line":47,"column":32}},"27":{"start":{"line":50,"column":24},"end":{"line":52,"column":6}},"28":{"start":{"line":53,"column":4},"end":{"line":55,"column":5}},"29":{"start":{"line":54,"column":6},"end":{"line":54,"column":62}},"30":{"start":{"line":58,"column":19},"end":{"line":58,"column":21}},"31":{"start":{"line":59,"column":19},"end":{"line":59,"column":21}},"32":{"start":{"line":61,"column":4},"end":{"line":64,"column":7}},"33":{"start":{"line":62,"column":6},"end":{"line":62,"column":32}},"34":{"start":{"line":63,"column":6},"end":{"line":63,"column":25}},"35":{"start":{"line":66,"column":4},"end":{"line":68,"column":5}},"36":{"start":{"line":67,"column":6},"end":{"line":67,"column":77}},"37":{"start":{"line":70,"column":4},"end":{"line":70,"column":31}},"38":{"start":{"line":72,"column":16},"end":{"line":72,"column":67}},"39":{"start":{"line":74,"column":4},"end":{"line":74,"column":30}},"40":{"start":{"line":76,"column":4},"end":{"line":76,"column":41}},"41":{"start":{"line":78,"column":4},"end":{"line":78,"column":46}},"42":{"start":{"line":79,"column":4},"end":{"line":79,"column":61}},"43":{"start":{"line":84,"column":25},"end":{"line":108,"column":1}},"44":{"start":{"line":85,"column":2},"end":{"line":107,"column":3}},"45":{"start":{"line":87,"column":22},"end":{"line":87,"column":56}},"46":{"start":{"line":88,"column":4},"end":{"line":90,"column":5}},"47":{"start":{"line":89,"column":6},"end":{"line":89,"column":71}},"48":{"start":{"line":92,"column":15},"end":{"line":92,"column":32}},"49":{"start":{"line":93,"column":16},"end":{"line":95,"column":6}},"50":{"start":{"line":97,"column":4},"end":{"line":99,"column":5}},"51":{"start":{"line":98,"column":6},"end":{"line":98,"column":60}},"52":{"start":{"line":101,"column":4},"end":{"line":101,"column":67}},"53":{"start":{"line":103,"column":4},"end":{"line":103,"column":41}},"54":{"start":{"line":105,"column":4},"end":{"line":105,"column":46}},"55":{"start":{"line":106,"column":4},"end":{"line":106,"column":61}}},"fnMap":{"0":{"name":"(anonymous_0)","decl":{"start":{"line":3,"column":26},"end":{"line":3,"column":27}},"loc":{"start":{"line":3,"column":46},"end":{"line":7,"column":1}},"line":3},"1":{"name":"(anonymous_1)","decl":{"start":{"line":9,"column":26},"end":{"line":9,"column":27}},"loc":{"start":{"line":9,"column":46},"end":{"line":14,"column":1}},"line":9},"2":{"name":"(anonymous_2)","decl":{"start":{"line":16,"column":25},"end":{"line":16,"column":26}},"loc":{"start":{"line":16,"column":45},"end":{"line":38,"column":1}},"line":16},"3":{"name":"(anonymous_3)","decl":{"start":{"line":40,"column":25},"end":{"line":40,"column":26}},"loc":{"start":{"line":40,"column":45},"end":{"line":81,"column":1}},"line":40},"4":{"name":"(anonymous_4)","decl":{"start":{"line":61,"column":37},"end":{"line":61,"column":38}},"loc":{"start":{"line":61,"column":55},"end":{"line":64,"column":5}},"line":61},"5":{"name":"(anonymous_5)","decl":{"start":{"line":84,"column":25},"end":{"line":84,"column":26}},"loc":{"start":{"line":84,"column":45},"end":{"line":108,"column":1}},"line":84}},"branchMap":{"0":{"loc":{"start":{"line":12,"column":2},"end":{"line":12,"column":68}},"type":"if","locations":[{"start":{"line":12,"column":2},"end":{"line":12,"column":68}},{"start":{},"end":{}}],"line":12},"1":{"loc":{"start":{"line":20,"column":4},"end":{"line":22,"column":5}},"type":"if","locations":[{"start":{"line":20,"column":4},"end":{"line":22,"column":5}},{"start":{},"end":{}}],"line":20},"2":{"loc":{"start":{"line":43,"column":4},"end":{"line":45,"column":5}},"type":"if","locations":[{"start":{"line":43,"column":4},"end":{"line":45,"column":5}},{"start":{},"end":{}}],"line":43},"3":{"loc":{"start":{"line":53,"column":4},"end":{"line":55,"column":5}},"type":"if","locations":[{"start":{"line":53,"column":4},"end":{"line":55,"column":5}},{"start":{},"end":{}}],"line":53},"4":{"loc":{"start":{"line":66,"column":4},"end":{"line":68,"column":5}},"type":"if","locations":[{"start":{"line":66,"column":4},"end":{"line":68,"column":5}},{"start":{},"end":{}}],"line":66},"5":{"loc":{"start":{"line":88,"column":4},"end":{"line":90,"column":5}},"type":"if","locations":[{"start":{"line":88,"column":4},"end":{"line":90,"column":5}},{"start":{},"end":{}}],"line":88},"6":{"loc":{"start":{"line":97,"column":4},"end":{"line":99,"column":5}},"type":"if","locations":[{"start":{"line":97,"column":4},"end":{"line":99,"column":5}},{"start":{},"end":{}}],"line":97}},"s":{"0":1,"1":0,"2":0,"3":0,"4":1,"5":0,"6":0,"7":0,"8":0,"9":0,"10":1,"11":0,"12":0,"13":0,"14":0,"15":0,"16":0,"17":0,"18":0,"19":0,"20":0,"21":1,"22":0,"23":0,"24":0,"25":0,"26":0,"27":0,"28":0,"29":0,"30":0,"31":0,"32":0,"33":0,"34":0,"35":0,"36":0,"37":0,"38":0,"39":0,"40":0,"41":0,"42":0,"43":1,"44":0,"45":0,"46":0,"47":0,"48":0,"49":0,"50":0,"51":0,"52":0,"53":0,"54":0,"55":0},"f":{"0":0,"1":0,"2":0,"3":0,"4":0,"5":0},"b":{"0":[0,0],"1":[0,0],"2":[0,0],"3":[0,0],"4":[0,0],"5":[0,0],"6":[0,0]},"_coverageSchema":"1a1c01bbd47fc00a2c39e90264f33305004495a9","hash":"211010663648c140af338f045a3344267bfa338f"}
,"/home/moshe/job_apps/isco_job_board/server/middleware/authMiddleware.js": {"path":"/home/moshe/job_apps/isco_job_board/server/middleware/authMiddleware.js","statementMap":{"0":{"start":{"line":3,"column":30},"end":{"line":16,"column":1}},"1":{"start":{"line":4,"column":21},"end":{"line":4,"column":46}},"2":{"start":{"line":5,"column":2},"end":{"line":6,"column":60}},"3":{"start":{"line":6,"column":4},"end":{"line":6,"column":60}},"4":{"start":{"line":8,"column":16},"end":{"line":8,"column":40}},"5":{"start":{"line":9,"column":2},"end":{"line":15,"column":3}},"6":{"start":{"line":10,"column":20},"end":{"line":10,"column":70}},"7":{"start":{"line":11,"column":4},"end":{"line":11,"column":23}},"8":{"start":{"line":12,"column":4},"end":{"line":12,"column":11}},"9":{"start":{"line":14,"column":4},"end":{"line":14,"column":53}}},"fnMap":{"0":{"name":"(anonymous_0)","decl":{"start":{"line":3,"column":30},"end":{"line":3,"column":31}},"loc":{"start":{"line":3,"column":50},"end":{"line":16,"column":1}},"line":3}},"branchMap":{"0":{"loc":{"start":{"line":5,"column":2},"end":{"line":6,"column":60}},"type":"if","locations":[{"start":{"line":5,"column":2},"end":{"line":6,"column":60}},{"start":{},"end":{}}],"line":5}},"s":{"0":1,"1":0,"2":0,"3":0,"4":0,"5":0,"6":0,"7":0,"8":0,"9":0},"f":{"0":0},"b":{"0":[0,0]},"_coverageSchema":"1a1c01bbd47fc00a2c39e90264f33305004495a9","hash":"1cbda3daa12737540f33d6234aa79742eb9af042"}
,"/home/moshe/job_apps/isco_job_board/server/middleware/roleMiddleware.js": {"path":"/home/moshe/job_apps/isco_job_board/server/middleware/roleMiddleware.js","statementMap":{"0":{"start":{"line":1,"column":23},"end":{"line":6,"column":1}},"1":{"start":{"line":2,"column":2},"end":{"line":4,"column":3}},"2":{"start":{"line":3,"column":4},"end":{"line":3,"column":68}},"3":{"start":{"line":5,"column":2},"end":{"line":5,"column":9}},"4":{"start":{"line":8,"column":27},"end":{"line":13,"column":1}},"5":{"start":{"line":9,"column":2},"end":{"line":11,"column":3}},"6":{"start":{"line":10,"column":4},"end":{"line":10,"column":72}},"7":{"start":{"line":12,"column":2},"end":{"line":12,"column":9}}},"fnMap":{"0":{"name":"(anonymous_0)","decl":{"start":{"line":1,"column":23},"end":{"line":1,"column":24}},"loc":{"start":{"line":1,"column":43},"end":{"line":6,"column":1}},"line":1},"1":{"name":"(anonymous_1)","decl":{"start":{"line":8,"column":27},"end":{"line":8,"column":28}},"loc":{"start":{"line":8,"column":47},"end":{"line":13,"column":1}},"line":8}},"branchMap":{"0":{"loc":{"start":{"line":2,"column":2},"end":{"line":4,"column":3}},"type":"if","locations":[{"start":{"line":2,"column":2},"end":{"line":4,"column":3}},{"start":{},"end":{}}],"line":2},"1":{"loc":{"start":{"line":9,"column":2},"end":{"line":11,"column":3}},"type":"if","locations":[{"start":{"line":9,"column":2},"end":{"line":11,"column":3}},{"start":{},"end":{}}],"line":9}},"s":{"0":1,"1":0,"2":0,"3":0,"4":1,"5":0,"6":0,"7":0},"f":{"0":0,"1":0},"b":{"0":[0,0],"1":[0,0]},"_coverageSchema":"1a1c01bbd47fc00a2c39e90264f33305004495a9","hash":"fe808b4aa3ed2ca784196836f7a33b99b8182e54"}
,"/home/moshe/job_apps/isco_job_board/server/routes/applicationRoutes.js": {"path":"/home/moshe/job_apps/isco_job_board/server/routes/applicationRoutes.js","statementMap":{"0":{"start":{"line":10,"column":15},"end":{"line":10,"column":31}},"1":{"start":{"line":12,"column":0},"end":{"line":12,"column":59}},"2":{"start":{"line":13,"column":0},"end":{"line":13,"column":72}}},"fnMap":{},"branchMap":{},"s":{"0":1,"1":1,"2":1},"f":{},"b":{},"_coverageSchema":"1a1c01bbd47fc00a2c39e90264f33305004495a9","hash":"d578963f97342d03601fff2dfc2ec36056a80be9"}
,"/home/moshe/job_apps/isco_job_board/server/routes/authRoutes.js": {"path":"/home/moshe/job_apps/isco_job_board/server/routes/authRoutes.js","statementMap":{"0":{"start":{"line":4,"column":15},"end":{"line":4,"column":31}},"1":{"start":{"line":6,"column":0},"end":{"line":6,"column":35}},"2":{"start":{"line":7,"column":0},"end":{"line":7,"column":29}}},"fnMap":{},"branchMap":{},"s":{"0":1,"1":1,"2":1},"f":{},"b":{},"_coverageSchema":"1a1c01bbd47fc00a2c39e90264f33305004495a9","hash":"39ca332e35e6bd83c32a4bf9ed8a3b154d3d1060"}
,"/home/moshe/job_apps/isco_job_board/server/routes/jobRoutes.js": {"path":"/home/moshe/job_apps/isco_job_board/server/routes/jobRoutes.js","statementMap":{"0":{"start":{"line":13,"column":15},"end":{"line":13,"column":31}},"1":{"start":{"line":15,"column":0},"end":{"line":15,"column":28}},"2":{"start":{"line":16,"column":0},"end":{"line":16,"column":31}},"3":{"start":{"line":17,"column":0},"end":{"line":17,"column":53}},"4":{"start":{"line":18,"column":0},"end":{"line":18,"column":57}},"5":{"start":{"line":19,"column":0},"end":{"line":19,"column":58}}},"fnMap":{},"branchMap":{},"s":{"0":1,"1":1,"2":1,"3":1,"4":1,"5":1},"f":{},"b":{},"_coverageSchema":"1a1c01bbd47fc00a2c39e90264f33305004495a9","hash":"da0b66d2c3987b6367895232ded20187a2b0fd6d"}
,"/home/moshe/job_apps/isco_job_board/server/validators/applicationValidator.js": {"path":"/home/moshe/job_apps/isco_job_board/server/validators/applicationValidator.js","statementMap":{"0":{"start":{"line":3,"column":33},"end":{"line":18,"column":2}}},"fnMap":{},"branchMap":{},"s":{"0":1},"f":{},"b":{},"_coverageSchema":"1a1c01bbd47fc00a2c39e90264f33305004495a9","hash":"d63fc3bf530a6ea5230fc5a3463b2fee018a0f8f"}
,"/home/moshe/job_apps/isco_job_board/server/validators/jobValidator.js": {"path":"/home/moshe/job_apps/isco_job_board/server/validators/jobValidator.js","statementMap":{"0":{"start":{"line":4,"column":31},"end":{"line":24,"column":2}},"1":{"start":{"line":27,"column":31},"end":{"line":43,"column":2}},"2":{"start":{"line":46,"column":29},"end":{"line":53,"column":2}}},"fnMap":{},"branchMap":{},"s":{"0":1,"1":1,"2":1},"f":{},"b":{},"_coverageSchema":"1a1c01bbd47fc00a2c39e90264f33305004495a9","hash":"ed23780eafc8afff5bfd9e0c268357577c510497"}
}
