TN:
SF:migrate.js
FN:3,(anonymous_0)
FNF:1
FNH:1
FNDA:1,(anonymous_0)
DA:3,1
DA:5,1
DA:9,1
DA:10,1
DA:42,1
DA:46,1
DA:47,0
LF:7
LH:6
BRDA:46,0,0,0
BRDA:46,0,1,1
BRF:2
BRH:1
end_of_record
TN:
SF:server.js
FN:24,(anonymous_0)
FN:34,(anonymous_1)
FN:42,(anonymous_2)
FN:45,(anonymous_3)
FNF:4
FNH:2
FNDA:0,(anonymous_0)
FNDA:0,(anonymous_1)
FNDA:1,(anonymous_2)
FNDA:1,(anonymous_3)
DA:13,1
DA:15,1
DA:16,1
DA:19,1
DA:20,1
DA:21,1
DA:24,1
DA:25,0
DA:29,1
DA:30,1
DA:31,1
DA:34,1
DA:35,0
DA:36,0
DA:42,1
DA:43,1
DA:44,1
DA:45,1
DA:46,1
DA:48,1
LF:20
LH:17
BRDA:16,0,0,1
BRDA:16,0,1,0
BRF:2
BRH:1
end_of_record
TN:
SF:config/db.js
FN:4,(anonymous_0)
FNF:1
FNH:1
FNDA:4,(anonymous_0)
DA:4,2
DA:7,4
DA:11,4
DA:16,4
LF:4
LH:4
BRDA:7,0,0,4
BRDA:7,0,1,0
BRF:2
BRH:1
end_of_record
TN:
SF:controllers/applicationController.js
FN:3,(anonymous_0)
FN:35,(anonymous_1)
FNF:2
FNH:0
FNDA:0,(anonymous_0)
FNDA:0,(anonymous_1)
DA:3,1
DA:4,0
DA:6,0
DA:7,0
DA:8,0
DA:11,0
DA:12,0
DA:13,0
DA:16,0
DA:17,0
DA:18,0
DA:22,0
DA:28,0
DA:30,0
DA:31,0
DA:35,1
DA:36,0
DA:37,0
DA:45,0
LF:19
LH:2
BRDA:7,0,0,0
BRDA:7,0,1,0
BRDA:17,1,0,0
BRDA:17,1,1,0
BRF:4
BRH:0
end_of_record
TN:
SF:controllers/authController.js
FN:4,(anonymous_0)
FN:67,(anonymous_1)
FNF:2
FNH:2
FNDA:2,(anonymous_0)
FNDA:3,(anonymous_1)
DA:4,1
DA:5,2
DA:13,2
DA:16,2
DA:18,2
DA:19,0
DA:25,2
DA:26,2
DA:29,2
DA:34,1
DA:39,1
DA:49,1
DA:56,1
DA:62,1
DA:67,1
DA:68,3
DA:69,3
DA:71,3
DA:72,3
DA:74,3
DA:75,1
DA:78,2
DA:79,2
DA:80,1
DA:85,1
DA:92,1
DA:99,1
DA:105,0
LF:28
LH:26
BRDA:10,0,0,2
BRDA:18,1,0,0
BRDA:18,1,1,2
BRDA:74,2,0,1
BRDA:74,2,1,2
BRDA:79,3,0,1
BRDA:79,3,1,1
BRF:7
BRH:6
end_of_record
TN:
SF:controllers/jobController.js
FN:3,(anonymous_0)
FN:9,(anonymous_1)
FN:16,(anonymous_2)
FN:40,(anonymous_3)
FN:61,(anonymous_4)
FN:84,(anonymous_5)
FNF:6
FNH:6
FNDA:1,(anonymous_0)
FNDA:2,(anonymous_1)
FNDA:1,(anonymous_2)
FNDA:1,(anonymous_3)
FNDA:1,(anonymous_4)
FNDA:1,(anonymous_5)
DA:3,2
DA:4,1
DA:5,1
DA:6,1
DA:9,2
DA:10,2
DA:11,2
DA:12,2
DA:13,1
DA:16,2
DA:17,1
DA:19,1
DA:20,1
DA:21,0
DA:24,1
DA:25,1
DA:27,1
DA:33,1
DA:35,0
DA:36,0
DA:40,2
DA:41,1
DA:42,1
DA:43,1
DA:44,0
DA:47,1
DA:50,1
DA:53,1
DA:54,0
DA:58,1
DA:59,1
DA:61,1
DA:62,1
DA:63,1
DA:66,1
DA:67,0
DA:70,1
DA:72,1
DA:74,1
DA:76,1
DA:78,0
DA:79,0
DA:84,2
DA:85,1
DA:87,1
DA:88,1
DA:89,0
DA:92,1
DA:93,1
DA:97,1
DA:98,0
DA:101,1
DA:103,1
DA:105,0
DA:106,0
LF:55
LH:43
BRDA:12,0,0,1
BRDA:12,0,1,1
BRDA:20,1,0,0
BRDA:20,1,1,1
BRDA:43,2,0,0
BRDA:43,2,1,1
BRDA:53,3,0,0
BRDA:53,3,1,1
BRDA:66,4,0,0
BRDA:66,4,1,1
BRDA:88,5,0,0
BRDA:88,5,1,1
BRDA:97,6,0,0
BRDA:97,6,1,1
BRF:14
BRH:8
end_of_record
TN:
SF:helpers/buildTestApp.js
FN:6,(anonymous_0)
FN:13,(anonymous_1)
FNF:2
FNH:2
FNDA:1,(anonymous_0)
FNDA:6,(anonymous_1)
DA:6,1
DA:7,1
DA:8,1
DA:10,1
DA:11,1
DA:13,1
DA:14,6
DA:15,6
DA:19,1
DA:20,1
DA:21,1
DA:22,1
DA:23,1
DA:25,1
LF:14
LH:14
BRF:0
BRH:0
end_of_record
TN:
SF:middleware/authMiddleware.js
FN:3,(anonymous_0)
FNF:1
FNH:0
FNDA:0,(anonymous_0)
DA:3,1
DA:4,0
DA:5,0
DA:6,0
DA:8,0
DA:9,0
DA:10,0
DA:11,0
DA:12,0
DA:14,0
LF:10
LH:1
BRDA:5,0,0,0
BRDA:5,0,1,0
BRF:2
BRH:0
end_of_record
TN:
SF:middleware/roleMiddleware.js
FN:1,(anonymous_0)
FN:8,(anonymous_1)
FNF:2
FNH:0
FNDA:0,(anonymous_0)
FNDA:0,(anonymous_1)
DA:1,1
DA:2,0
DA:3,0
DA:5,0
DA:8,1
DA:9,0
DA:10,0
DA:12,0
LF:8
LH:2
BRDA:2,0,0,0
BRDA:2,0,1,0
BRDA:9,1,0,0
BRDA:9,1,1,0
BRF:4
BRH:0
end_of_record
TN:
SF:routes/applicationRoutes.js
FNF:0
FNH:0
DA:10,1
DA:12,1
DA:13,1
LF:3
LH:3
BRF:0
BRH:0
end_of_record
TN:
SF:routes/authRoutes.js
FNF:0
FNH:0
DA:4,1
DA:6,1
DA:7,1
LF:3
LH:3
BRF:0
BRH:0
end_of_record
TN:
SF:routes/jobRoutes.js
FNF:0
FNH:0
DA:13,1
DA:15,1
DA:16,1
DA:17,1
DA:18,1
DA:19,1
LF:6
LH:6
BRF:0
BRH:0
end_of_record
TN:
SF:validators/applicationValidator.js
FNF:0
FNH:0
DA:3,1
LF:1
LH:1
BRF:0
BRH:0
end_of_record
TN:
SF:validators/jobValidator.js
FNF:0
FNH:0
DA:4,2
DA:27,2
DA:46,2
LF:3
LH:3
BRF:0
BRH:0
end_of_record
